[2023-04-18T13:14:41.608+0000] {taskinstance.py:1083} INFO - Dependencies all met for <TaskInstance: process-employees.get_data manual__2023-04-18T13:14:37.466894+00:00 [queued]>
[2023-04-18T13:14:41.658+0000] {taskinstance.py:1083} INFO - Dependencies all met for <TaskInstance: process-employees.get_data manual__2023-04-18T13:14:37.466894+00:00 [queued]>
[2023-04-18T13:14:41.659+0000] {taskinstance.py:1279} INFO - 
--------------------------------------------------------------------------------
[2023-04-18T13:14:41.659+0000] {taskinstance.py:1280} INFO - Starting attempt 1 of 1
[2023-04-18T13:14:41.659+0000] {taskinstance.py:1281} INFO - 
--------------------------------------------------------------------------------
[2023-04-18T13:14:41.681+0000] {taskinstance.py:1300} INFO - Executing <Task(_PythonDecoratedOperator): get_data> on 2023-04-18 13:14:37.466894+00:00
[2023-04-18T13:14:41.692+0000] {standard_task_runner.py:55} INFO - Started process 7106 to run task
[2023-04-18T13:14:41.694+0000] {standard_task_runner.py:82} INFO - Running: ['***', 'tasks', 'run', 'process-employees', 'get_data', 'manual__2023-04-18T13:14:37.466894+00:00', '--job-id', '27', '--raw', '--subdir', 'DAGS_FOLDER/process-employees.py', '--cfg-path', '/tmp/tmpdamnwm21']
[2023-04-18T13:14:41.695+0000] {standard_task_runner.py:83} INFO - Job 27: Subtask get_data
[2023-04-18T13:14:41.853+0000] {task_command.py:388} INFO - Running <TaskInstance: process-employees.get_data manual__2023-04-18T13:14:37.466894+00:00 [running]> on host cbbda7f0b94f
[2023-04-18T13:14:41.980+0000] {taskinstance.py:1509} INFO - Exporting the following env vars:
AIRFLOW_CTX_DAG_OWNER=***
AIRFLOW_CTX_DAG_ID=process-employees
AIRFLOW_CTX_TASK_ID=get_data
AIRFLOW_CTX_EXECUTION_DATE=2023-04-18T13:14:37.466894+00:00
AIRFLOW_CTX_TRY_NUMBER=1
AIRFLOW_CTX_DAG_RUN_ID=manual__2023-04-18T13:14:37.466894+00:00
[2023-04-18T13:14:42.163+0000] {base.py:73} INFO - Using connection ID 'tutorial_pg_conn' for task execution.
[2023-04-18T13:14:42.170+0000] {python.py:177} INFO - Done. Returned value was: None
[2023-04-18T13:14:42.249+0000] {taskinstance.py:1323} INFO - Marking task as SUCCESS. dag_id=process-employees, task_id=get_data, execution_date=20230418T131437, start_date=20230418T131441, end_date=20230418T131442
[2023-04-18T13:14:42.287+0000] {local_task_job.py:208} INFO - Task exited with return code 0
[2023-04-18T13:14:42.549+0000] {taskinstance.py:2578} INFO - 0 downstream tasks scheduled from follow-on schedule check
