[2023-04-19T08:13:00.342+0000] {taskinstance.py:1083} INFO - Dependencies all met for <TaskInstance: download_rocket_launches.download_launches manual__2023-04-19T08:12:59.069370+00:00 [queued]>
[2023-04-19T08:13:00.356+0000] {taskinstance.py:1083} INFO - Dependencies all met for <TaskInstance: download_rocket_launches.download_launches manual__2023-04-19T08:12:59.069370+00:00 [queued]>
[2023-04-19T08:13:00.356+0000] {taskinstance.py:1279} INFO - 
--------------------------------------------------------------------------------
[2023-04-19T08:13:00.356+0000] {taskinstance.py:1280} INFO - Starting attempt 1 of 1
[2023-04-19T08:13:00.356+0000] {taskinstance.py:1281} INFO - 
--------------------------------------------------------------------------------
[2023-04-19T08:13:00.371+0000] {taskinstance.py:1300} INFO - Executing <Task(BashOperator): download_launches> on 2023-04-19 08:12:59.069370+00:00
[2023-04-19T08:13:00.380+0000] {standard_task_runner.py:55} INFO - Started process 447 to run task
[2023-04-19T08:13:00.382+0000] {standard_task_runner.py:82} INFO - Running: ['***', 'tasks', 'run', 'download_rocket_launches', 'download_launches', 'manual__2023-04-19T08:12:59.069370+00:00', '--job-id', '77', '--raw', '--subdir', 'DAGS_FOLDER/rocket_launches.py', '--cfg-path', '/tmp/tmpyfuo0exj']
[2023-04-19T08:13:00.383+0000] {standard_task_runner.py:83} INFO - Job 77: Subtask download_launches
[2023-04-19T08:13:00.459+0000] {task_command.py:388} INFO - Running <TaskInstance: download_rocket_launches.download_launches manual__2023-04-19T08:12:59.069370+00:00 [running]> on host cbbda7f0b94f
[2023-04-19T08:13:00.586+0000] {taskinstance.py:1509} INFO - Exporting the following env vars:
AIRFLOW_CTX_DAG_OWNER=***
AIRFLOW_CTX_DAG_ID=download_rocket_launches
AIRFLOW_CTX_TASK_ID=download_launches
AIRFLOW_CTX_EXECUTION_DATE=2023-04-19T08:12:59.069370+00:00
AIRFLOW_CTX_TRY_NUMBER=1
AIRFLOW_CTX_DAG_RUN_ID=manual__2023-04-19T08:12:59.069370+00:00
[2023-04-19T08:13:00.587+0000] {subprocess.py:63} INFO - Tmp dir root location: 
 /tmp
[2023-04-19T08:13:00.587+0000] {subprocess.py:75} INFO - Running command: ['/bin/bash', '-c', "curl -o /tmp/launches.json -L 'https://ll.thespacedevs.com/2.0.0/launch/upcoming'"]
[2023-04-19T08:13:00.606+0000] {subprocess.py:86} INFO - Output:
[2023-04-19T08:13:00.615+0000] {subprocess.py:93} INFO -   % Total    % Received % Xferd  Average Speed   Time    Time     Time  Current
[2023-04-19T08:13:00.615+0000] {subprocess.py:93} INFO -                                  Dload  Upload   Total   Spent    Left  Speed
[2023-04-19T08:13:00.772+0000] {subprocess.py:93} INFO -   0     0    0     0    0     0      0      0 --:--:-- --:--:-- --:--:--     0  0     0    0     0    0     0      0      0 --:--:-- --:--:-- --:--:--     0
[2023-04-19T08:13:00.912+0000] {subprocess.py:93} INFO - 100 23017  100 23017    0     0  77760      0 --:--:-- --:--:-- --:--:-- 77760
[2023-04-19T08:13:00.942+0000] {subprocess.py:97} INFO - Command exited with return code 0
[2023-04-19T08:13:00.973+0000] {taskinstance.py:1323} INFO - Marking task as SUCCESS. dag_id=download_rocket_launches, task_id=download_launches, execution_date=20230419T081259, start_date=20230419T081300, end_date=20230419T081300
[2023-04-19T08:13:00.996+0000] {local_task_job.py:208} INFO - Task exited with return code 0
[2023-04-19T08:13:01.040+0000] {taskinstance.py:2578} INFO - 1 downstream tasks scheduled from follow-on schedule check
