[2023-04-18T13:14:43.186+0000] {taskinstance.py:1083} INFO - Dependencies all met for <TaskInstance: process-employees.merge_data manual__2023-04-18T13:14:37.466894+00:00 [queued]>
[2023-04-18T13:14:43.198+0000] {taskinstance.py:1083} INFO - Dependencies all met for <TaskInstance: process-employees.merge_data manual__2023-04-18T13:14:37.466894+00:00 [queued]>
[2023-04-18T13:14:43.198+0000] {taskinstance.py:1279} INFO - 
--------------------------------------------------------------------------------
[2023-04-18T13:14:43.198+0000] {taskinstance.py:1280} INFO - Starting attempt 1 of 1
[2023-04-18T13:14:43.199+0000] {taskinstance.py:1281} INFO - 
--------------------------------------------------------------------------------
[2023-04-18T13:14:43.255+0000] {taskinstance.py:1300} INFO - Executing <Task(_PythonDecoratedOperator): merge_data> on 2023-04-18 13:14:37.466894+00:00
[2023-04-18T13:14:43.265+0000] {standard_task_runner.py:55} INFO - Started process 7108 to run task
[2023-04-18T13:14:43.267+0000] {standard_task_runner.py:82} INFO - Running: ['***', 'tasks', 'run', 'process-employees', 'merge_data', 'manual__2023-04-18T13:14:37.466894+00:00', '--job-id', '28', '--raw', '--subdir', 'DAGS_FOLDER/process-employees.py', '--cfg-path', '/tmp/tmptvwkk8z8']
[2023-04-18T13:14:43.268+0000] {standard_task_runner.py:83} INFO - Job 28: Subtask merge_data
[2023-04-18T13:14:43.386+0000] {task_command.py:388} INFO - Running <TaskInstance: process-employees.merge_data manual__2023-04-18T13:14:37.466894+00:00 [running]> on host cbbda7f0b94f
[2023-04-18T13:14:43.576+0000] {taskinstance.py:1509} INFO - Exporting the following env vars:
AIRFLOW_CTX_DAG_OWNER=***
AIRFLOW_CTX_DAG_ID=process-employees
AIRFLOW_CTX_TASK_ID=merge_data
AIRFLOW_CTX_EXECUTION_DATE=2023-04-18T13:14:37.466894+00:00
AIRFLOW_CTX_TRY_NUMBER=1
AIRFLOW_CTX_DAG_RUN_ID=manual__2023-04-18T13:14:37.466894+00:00
[2023-04-18T13:14:43.588+0000] {base.py:73} INFO - Using connection ID 'tutorial_pg_conn' for task execution.
[2023-04-18T13:14:43.595+0000] {python.py:177} INFO - Done. Returned value was: 0
[2023-04-18T13:14:43.664+0000] {taskinstance.py:1323} INFO - Marking task as SUCCESS. dag_id=process-employees, task_id=merge_data, execution_date=20230418T131437, start_date=20230418T131443, end_date=20230418T131443
[2023-04-18T13:14:43.720+0000] {local_task_job.py:208} INFO - Task exited with return code 0
[2023-04-18T13:14:43.766+0000] {taskinstance.py:2578} INFO - 0 downstream tasks scheduled from follow-on schedule check
