[2023-04-18T12:56:27.800+0000] {taskinstance.py:1083} INFO - Dependencies all met for <TaskInstance: process-employees.create_employees_table manual__2023-04-18T12:56:26.125882+00:00 [queued]>
[2023-04-18T12:56:27.812+0000] {taskinstance.py:1083} INFO - Dependencies all met for <TaskInstance: process-employees.create_employees_table manual__2023-04-18T12:56:26.125882+00:00 [queued]>
[2023-04-18T12:56:27.812+0000] {taskinstance.py:1279} INFO - 
--------------------------------------------------------------------------------
[2023-04-18T12:56:27.812+0000] {taskinstance.py:1280} INFO - Starting attempt 1 of 1
[2023-04-18T12:56:27.812+0000] {taskinstance.py:1281} INFO - 
--------------------------------------------------------------------------------
[2023-04-18T12:56:27.851+0000] {taskinstance.py:1300} INFO - Executing <Task(PostgresOperator): create_employees_table> on 2023-04-18 12:56:26.125882+00:00
[2023-04-18T12:56:27.861+0000] {standard_task_runner.py:55} INFO - Started process 5030 to run task
[2023-04-18T12:56:27.865+0000] {standard_task_runner.py:82} INFO - Running: ['***', 'tasks', 'run', 'process-employees', 'create_employees_table', 'manual__2023-04-18T12:56:26.125882+00:00', '--job-id', '7', '--raw', '--subdir', 'DAGS_FOLDER/process-employees.py', '--cfg-path', '/tmp/tmp4dc5cmbf']
[2023-04-18T12:56:27.870+0000] {standard_task_runner.py:83} INFO - Job 7: Subtask create_employees_table
[2023-04-18T12:56:27.954+0000] {task_command.py:388} INFO - Running <TaskInstance: process-employees.create_employees_table manual__2023-04-18T12:56:26.125882+00:00 [running]> on host cbbda7f0b94f
[2023-04-18T12:56:28.062+0000] {taskinstance.py:1509} INFO - Exporting the following env vars:
AIRFLOW_CTX_DAG_OWNER=***
AIRFLOW_CTX_DAG_ID=process-employees
AIRFLOW_CTX_TASK_ID=create_employees_table
AIRFLOW_CTX_EXECUTION_DATE=2023-04-18T12:56:26.125882+00:00
AIRFLOW_CTX_TRY_NUMBER=1
AIRFLOW_CTX_DAG_RUN_ID=manual__2023-04-18T12:56:26.125882+00:00
[2023-04-18T12:56:28.063+0000] {sql.py:254} INFO - Executing: 
            CREATE TABLE IF NOT EXISTS employees (
                "Serial Number" NUMERIC PRIMARY KEY,
                "Company Name" TEXT,
                "Employee Markme" TEXT,
                "Description" TEXT,
                "Leave" INTEGER
            );
[2023-04-18T12:56:28.075+0000] {base.py:73} INFO - Using connection ID 'tutorial_pg_conn' for task execution.
[2023-04-18T12:56:28.364+0000] {base.py:73} INFO - Using connection ID 'tutorial_pg_conn' for task execution.
[2023-04-18T12:56:28.367+0000] {sql.py:375} INFO - Running statement: 
            CREATE TABLE IF NOT EXISTS employees (
                "Serial Number" NUMERIC PRIMARY KEY,
                "Company Name" TEXT,
                "Employee Markme" TEXT,
                "Description" TEXT,
                "Leave" INTEGER
            );, parameters: None
[2023-04-18T12:56:28.393+0000] {taskinstance.py:1323} INFO - Marking task as SUCCESS. dag_id=process-employees, task_id=create_employees_table, execution_date=20230418T125626, start_date=20230418T125627, end_date=20230418T125628
[2023-04-18T12:56:28.439+0000] {local_task_job.py:208} INFO - Task exited with return code 0
[2023-04-18T12:56:28.473+0000] {taskinstance.py:2578} INFO - 0 downstream tasks scheduled from follow-on schedule check
