[2023-04-18T13:04:35.714+0000] {taskinstance.py:1083} INFO - Dependencies all met for <TaskInstance: process-employees.merge_data scheduled__2023-04-17T00:00:00+00:00 [queued]>
[2023-04-18T13:04:35.724+0000] {taskinstance.py:1083} INFO - Dependencies all met for <TaskInstance: process-employees.merge_data scheduled__2023-04-17T00:00:00+00:00 [queued]>
[2023-04-18T13:04:35.725+0000] {taskinstance.py:1279} INFO - 
--------------------------------------------------------------------------------
[2023-04-18T13:04:35.725+0000] {taskinstance.py:1280} INFO - Starting attempt 1 of 1
[2023-04-18T13:04:35.725+0000] {taskinstance.py:1281} INFO - 
--------------------------------------------------------------------------------
[2023-04-18T13:04:35.746+0000] {taskinstance.py:1300} INFO - Executing <Task(_PythonDecoratedOperator): merge_data> on 2023-04-17 00:00:00+00:00
[2023-04-18T13:04:35.757+0000] {standard_task_runner.py:55} INFO - Started process 5966 to run task
[2023-04-18T13:04:35.760+0000] {standard_task_runner.py:82} INFO - Running: ['***', 'tasks', 'run', 'process-employees', 'merge_data', 'scheduled__2023-04-17T00:00:00+00:00', '--job-id', '16', '--raw', '--subdir', 'DAGS_FOLDER/process-employees.py', '--cfg-path', '/tmp/tmp7na0xrrj']
[2023-04-18T13:04:35.761+0000] {standard_task_runner.py:83} INFO - Job 16: Subtask merge_data
[2023-04-18T13:04:35.872+0000] {task_command.py:388} INFO - Running <TaskInstance: process-employees.merge_data scheduled__2023-04-17T00:00:00+00:00 [running]> on host cbbda7f0b94f
[2023-04-18T13:04:36.003+0000] {taskinstance.py:1509} INFO - Exporting the following env vars:
AIRFLOW_CTX_DAG_OWNER=***
AIRFLOW_CTX_DAG_ID=process-employees
AIRFLOW_CTX_TASK_ID=merge_data
AIRFLOW_CTX_EXECUTION_DATE=2023-04-17T00:00:00+00:00
AIRFLOW_CTX_TRY_NUMBER=1
AIRFLOW_CTX_DAG_RUN_ID=scheduled__2023-04-17T00:00:00+00:00
[2023-04-18T13:04:36.015+0000] {base.py:73} INFO - Using connection ID 'tutorial_pg_conn' for task execution.
[2023-04-18T13:04:36.022+0000] {python.py:177} INFO - Done. Returned value was: 0
[2023-04-18T13:04:36.051+0000] {taskinstance.py:1323} INFO - Marking task as SUCCESS. dag_id=process-employees, task_id=merge_data, execution_date=20230417T000000, start_date=20230418T130435, end_date=20230418T130436
[2023-04-18T13:04:36.107+0000] {local_task_job.py:208} INFO - Task exited with return code 0
[2023-04-18T13:04:36.128+0000] {taskinstance.py:2578} INFO - 0 downstream tasks scheduled from follow-on schedule check
[2023-04-18T13:14:39.469+0000] {taskinstance.py:1083} INFO - Dependencies all met for <TaskInstance: process-employees.merge_data scheduled__2023-04-17T00:00:00+00:00 [queued]>
[2023-04-18T13:14:39.485+0000] {taskinstance.py:1083} INFO - Dependencies all met for <TaskInstance: process-employees.merge_data scheduled__2023-04-17T00:00:00+00:00 [queued]>
[2023-04-18T13:14:39.486+0000] {taskinstance.py:1279} INFO - 
--------------------------------------------------------------------------------
[2023-04-18T13:14:39.486+0000] {taskinstance.py:1280} INFO - Starting attempt 1 of 1
[2023-04-18T13:14:39.486+0000] {taskinstance.py:1281} INFO - 
--------------------------------------------------------------------------------
[2023-04-18T13:14:39.504+0000] {taskinstance.py:1300} INFO - Executing <Task(_PythonDecoratedOperator): merge_data> on 2023-04-17 00:00:00+00:00
[2023-04-18T13:14:39.555+0000] {standard_task_runner.py:55} INFO - Started process 7104 to run task
[2023-04-18T13:14:39.558+0000] {standard_task_runner.py:82} INFO - Running: ['***', 'tasks', 'run', 'process-employees', 'merge_data', 'scheduled__2023-04-17T00:00:00+00:00', '--job-id', '26', '--raw', '--subdir', 'DAGS_FOLDER/process-employees.py', '--cfg-path', '/tmp/tmptsqi_k3k']
[2023-04-18T13:14:39.559+0000] {standard_task_runner.py:83} INFO - Job 26: Subtask merge_data
[2023-04-18T13:14:39.677+0000] {task_command.py:388} INFO - Running <TaskInstance: process-employees.merge_data scheduled__2023-04-17T00:00:00+00:00 [running]> on host cbbda7f0b94f
[2023-04-18T13:14:39.865+0000] {taskinstance.py:1509} INFO - Exporting the following env vars:
AIRFLOW_CTX_DAG_OWNER=***
AIRFLOW_CTX_DAG_ID=process-employees
AIRFLOW_CTX_TASK_ID=merge_data
AIRFLOW_CTX_EXECUTION_DATE=2023-04-17T00:00:00+00:00
AIRFLOW_CTX_TRY_NUMBER=1
AIRFLOW_CTX_DAG_RUN_ID=scheduled__2023-04-17T00:00:00+00:00
[2023-04-18T13:14:39.876+0000] {base.py:73} INFO - Using connection ID 'tutorial_pg_conn' for task execution.
[2023-04-18T13:14:39.884+0000] {python.py:177} INFO - Done. Returned value was: 0
[2023-04-18T13:14:39.960+0000] {taskinstance.py:1323} INFO - Marking task as SUCCESS. dag_id=process-employees, task_id=merge_data, execution_date=20230417T000000, start_date=20230418T131439, end_date=20230418T131439
[2023-04-18T13:14:39.987+0000] {local_task_job.py:208} INFO - Task exited with return code 0
[2023-04-18T13:14:40.051+0000] {taskinstance.py:2578} INFO - 0 downstream tasks scheduled from follow-on schedule check
