[2023-04-18T13:04:34.493+0000] {taskinstance.py:1083} INFO - Dependencies all met for <TaskInstance: process-employees.get_data scheduled__2023-04-17T00:00:00+00:00 [queued]>
[2023-04-18T13:04:34.502+0000] {taskinstance.py:1083} INFO - Dependencies all met for <TaskInstance: process-employees.get_data scheduled__2023-04-17T00:00:00+00:00 [queued]>
[2023-04-18T13:04:34.502+0000] {taskinstance.py:1279} INFO - 
--------------------------------------------------------------------------------
[2023-04-18T13:04:34.503+0000] {taskinstance.py:1280} INFO - Starting attempt 1 of 1
[2023-04-18T13:04:34.503+0000] {taskinstance.py:1281} INFO - 
--------------------------------------------------------------------------------
[2023-04-18T13:04:34.517+0000] {taskinstance.py:1300} INFO - Executing <Task(_PythonDecoratedOperator): get_data> on 2023-04-17 00:00:00+00:00
[2023-04-18T13:04:34.526+0000] {standard_task_runner.py:55} INFO - Started process 5955 to run task
[2023-04-18T13:04:34.528+0000] {standard_task_runner.py:82} INFO - Running: ['***', 'tasks', 'run', 'process-employees', 'get_data', 'scheduled__2023-04-17T00:00:00+00:00', '--job-id', '15', '--raw', '--subdir', 'DAGS_FOLDER/process-employees.py', '--cfg-path', '/tmp/tmpedqul6ln']
[2023-04-18T13:04:34.529+0000] {standard_task_runner.py:83} INFO - Job 15: Subtask get_data
[2023-04-18T13:04:34.592+0000] {task_command.py:388} INFO - Running <TaskInstance: process-employees.get_data scheduled__2023-04-17T00:00:00+00:00 [running]> on host cbbda7f0b94f
[2023-04-18T13:04:34.662+0000] {taskinstance.py:1509} INFO - Exporting the following env vars:
AIRFLOW_CTX_DAG_OWNER=***
AIRFLOW_CTX_DAG_ID=process-employees
AIRFLOW_CTX_TASK_ID=get_data
AIRFLOW_CTX_EXECUTION_DATE=2023-04-17T00:00:00+00:00
AIRFLOW_CTX_TRY_NUMBER=1
AIRFLOW_CTX_DAG_RUN_ID=scheduled__2023-04-17T00:00:00+00:00
[2023-04-18T13:04:34.740+0000] {base.py:73} INFO - Using connection ID 'tutorial_pg_conn' for task execution.
[2023-04-18T13:04:34.746+0000] {python.py:177} INFO - Done. Returned value was: None
[2023-04-18T13:04:34.759+0000] {taskinstance.py:1323} INFO - Marking task as SUCCESS. dag_id=process-employees, task_id=get_data, execution_date=20230417T000000, start_date=20230418T130434, end_date=20230418T130434
[2023-04-18T13:04:34.780+0000] {local_task_job.py:208} INFO - Task exited with return code 0
[2023-04-18T13:04:34.806+0000] {taskinstance.py:2578} INFO - 1 downstream tasks scheduled from follow-on schedule check
[2023-04-18T13:14:37.532+0000] {taskinstance.py:1083} INFO - Dependencies all met for <TaskInstance: process-employees.get_data scheduled__2023-04-17T00:00:00+00:00 [queued]>
[2023-04-18T13:14:37.550+0000] {taskinstance.py:1083} INFO - Dependencies all met for <TaskInstance: process-employees.get_data scheduled__2023-04-17T00:00:00+00:00 [queued]>
[2023-04-18T13:14:37.551+0000] {taskinstance.py:1279} INFO - 
--------------------------------------------------------------------------------
[2023-04-18T13:14:37.551+0000] {taskinstance.py:1280} INFO - Starting attempt 1 of 1
[2023-04-18T13:14:37.551+0000] {taskinstance.py:1281} INFO - 
--------------------------------------------------------------------------------
[2023-04-18T13:14:37.570+0000] {taskinstance.py:1300} INFO - Executing <Task(_PythonDecoratedOperator): get_data> on 2023-04-17 00:00:00+00:00
[2023-04-18T13:14:37.580+0000] {standard_task_runner.py:55} INFO - Started process 7098 to run task
[2023-04-18T13:14:37.583+0000] {standard_task_runner.py:82} INFO - Running: ['***', 'tasks', 'run', 'process-employees', 'get_data', 'scheduled__2023-04-17T00:00:00+00:00', '--job-id', '23', '--raw', '--subdir', 'DAGS_FOLDER/process-employees.py', '--cfg-path', '/tmp/tmpiudegcwg']
[2023-04-18T13:14:37.584+0000] {standard_task_runner.py:83} INFO - Job 23: Subtask get_data
[2023-04-18T13:14:37.655+0000] {task_command.py:388} INFO - Running <TaskInstance: process-employees.get_data scheduled__2023-04-17T00:00:00+00:00 [running]> on host cbbda7f0b94f
[2023-04-18T13:14:37.744+0000] {taskinstance.py:1509} INFO - Exporting the following env vars:
AIRFLOW_CTX_DAG_OWNER=***
AIRFLOW_CTX_DAG_ID=process-employees
AIRFLOW_CTX_TASK_ID=get_data
AIRFLOW_CTX_EXECUTION_DATE=2023-04-17T00:00:00+00:00
AIRFLOW_CTX_TRY_NUMBER=1
AIRFLOW_CTX_DAG_RUN_ID=scheduled__2023-04-17T00:00:00+00:00
[2023-04-18T13:14:37.968+0000] {base.py:73} INFO - Using connection ID 'tutorial_pg_conn' for task execution.
[2023-04-18T13:14:37.976+0000] {python.py:177} INFO - Done. Returned value was: None
[2023-04-18T13:14:38.053+0000] {taskinstance.py:1323} INFO - Marking task as SUCCESS. dag_id=process-employees, task_id=get_data, execution_date=20230417T000000, start_date=20230418T131437, end_date=20230418T131438
[2023-04-18T13:14:38.087+0000] {local_task_job.py:208} INFO - Task exited with return code 0
[2023-04-18T13:14:38.111+0000] {taskinstance.py:2578} INFO - 1 downstream tasks scheduled from follow-on schedule check
