[2023-04-18T12:56:29.124+0000] {taskinstance.py:1083} INFO - Dependencies all met for <TaskInstance: process-employees.get_data manual__2023-04-18T12:56:26.125882+00:00 [queued]>
[2023-04-18T12:56:29.135+0000] {taskinstance.py:1083} INFO - Dependencies all met for <TaskInstance: process-employees.get_data manual__2023-04-18T12:56:26.125882+00:00 [queued]>
[2023-04-18T12:56:29.136+0000] {taskinstance.py:1279} INFO - 
--------------------------------------------------------------------------------
[2023-04-18T12:56:29.136+0000] {taskinstance.py:1280} INFO - Starting attempt 1 of 1
[2023-04-18T12:56:29.136+0000] {taskinstance.py:1281} INFO - 
--------------------------------------------------------------------------------
[2023-04-18T12:56:29.153+0000] {taskinstance.py:1300} INFO - Executing <Task(_PythonDecoratedOperator): get_data> on 2023-04-18 12:56:26.125882+00:00
[2023-04-18T12:56:29.163+0000] {standard_task_runner.py:55} INFO - Started process 5034 to run task
[2023-04-18T12:56:29.165+0000] {standard_task_runner.py:82} INFO - Running: ['***', 'tasks', 'run', 'process-employees', 'get_data', 'manual__2023-04-18T12:56:26.125882+00:00', '--job-id', '11', '--raw', '--subdir', 'DAGS_FOLDER/process-employees.py', '--cfg-path', '/tmp/tmpsgnczxv2']
[2023-04-18T12:56:29.166+0000] {standard_task_runner.py:83} INFO - Job 11: Subtask get_data
[2023-04-18T12:56:29.237+0000] {task_command.py:388} INFO - Running <TaskInstance: process-employees.get_data manual__2023-04-18T12:56:26.125882+00:00 [running]> on host cbbda7f0b94f
[2023-04-18T12:56:29.326+0000] {taskinstance.py:1509} INFO - Exporting the following env vars:
AIRFLOW_CTX_DAG_OWNER=***
AIRFLOW_CTX_DAG_ID=process-employees
AIRFLOW_CTX_TASK_ID=get_data
AIRFLOW_CTX_EXECUTION_DATE=2023-04-18T12:56:26.125882+00:00
AIRFLOW_CTX_TRY_NUMBER=1
AIRFLOW_CTX_DAG_RUN_ID=manual__2023-04-18T12:56:26.125882+00:00
[2023-04-18T12:56:29.386+0000] {base.py:73} INFO - Using connection ID 'tutorial_pg_conn' for task execution.
[2023-04-18T12:56:29.393+0000] {python.py:177} INFO - Done. Returned value was: None
[2023-04-18T12:56:29.406+0000] {taskinstance.py:1323} INFO - Marking task as SUCCESS. dag_id=process-employees, task_id=get_data, execution_date=20230418T125626, start_date=20230418T125629, end_date=20230418T125629
[2023-04-18T12:56:29.457+0000] {local_task_job.py:208} INFO - Task exited with return code 0
[2023-04-18T12:56:29.483+0000] {taskinstance.py:2578} INFO - 1 downstream tasks scheduled from follow-on schedule check
