[2023-04-18T12:56:27.799+0000] {taskinstance.py:1083} INFO - Dependencies all met for <TaskInstance: process-employees.create_employees_temp_table scheduled__2023-04-17T00:00:00+00:00 [queued]>
[2023-04-18T12:56:27.811+0000] {taskinstance.py:1083} INFO - Dependencies all met for <TaskInstance: process-employees.create_employees_temp_table scheduled__2023-04-17T00:00:00+00:00 [queued]>
[2023-04-18T12:56:27.811+0000] {taskinstance.py:1279} INFO - 
--------------------------------------------------------------------------------
[2023-04-18T12:56:27.811+0000] {taskinstance.py:1280} INFO - Starting attempt 1 of 1
[2023-04-18T12:56:27.811+0000] {taskinstance.py:1281} INFO - 
--------------------------------------------------------------------------------
[2023-04-18T12:56:27.852+0000] {taskinstance.py:1300} INFO - Executing <Task(PostgresOperator): create_employees_temp_table> on 2023-04-17 00:00:00+00:00
[2023-04-18T12:56:27.861+0000] {standard_task_runner.py:55} INFO - Started process 5029 to run task
[2023-04-18T12:56:27.868+0000] {standard_task_runner.py:82} INFO - Running: ['***', 'tasks', 'run', 'process-employees', 'create_employees_temp_table', 'scheduled__2023-04-17T00:00:00+00:00', '--job-id', '8', '--raw', '--subdir', 'DAGS_FOLDER/process-employees.py', '--cfg-path', '/tmp/tmpm4ouwpui']
[2023-04-18T12:56:27.868+0000] {standard_task_runner.py:83} INFO - Job 8: Subtask create_employees_temp_table
[2023-04-18T12:56:27.949+0000] {task_command.py:388} INFO - Running <TaskInstance: process-employees.create_employees_temp_table scheduled__2023-04-17T00:00:00+00:00 [running]> on host cbbda7f0b94f
[2023-04-18T12:56:28.049+0000] {taskinstance.py:1509} INFO - Exporting the following env vars:
AIRFLOW_CTX_DAG_OWNER=***
AIRFLOW_CTX_DAG_ID=process-employees
AIRFLOW_CTX_TASK_ID=create_employees_temp_table
AIRFLOW_CTX_EXECUTION_DATE=2023-04-17T00:00:00+00:00
AIRFLOW_CTX_TRY_NUMBER=1
AIRFLOW_CTX_DAG_RUN_ID=scheduled__2023-04-17T00:00:00+00:00
[2023-04-18T12:56:28.049+0000] {sql.py:254} INFO - Executing: 
            DROP TABLE IF EXISTS employees_temp;
            CREATE TABLE employees_temp (
                "Serial Number" NUMERIC PRIMARY KEY,
                "Company Name" TEXT,
                "Employee Markme" TEXT,
                "Description" TEXT,
                "Leave" INTEGER
            );
[2023-04-18T12:56:28.061+0000] {base.py:73} INFO - Using connection ID 'tutorial_pg_conn' for task execution.
[2023-04-18T12:56:28.366+0000] {base.py:73} INFO - Using connection ID 'tutorial_pg_conn' for task execution.
[2023-04-18T12:56:28.369+0000] {sql.py:375} INFO - Running statement: 
            DROP TABLE IF EXISTS employees_temp;
            CREATE TABLE employees_temp (
                "Serial Number" NUMERIC PRIMARY KEY,
                "Company Name" TEXT,
                "Employee Markme" TEXT,
                "Description" TEXT,
                "Leave" INTEGER
            );, parameters: None
[2023-04-18T12:56:28.396+0000] {taskinstance.py:1323} INFO - Marking task as SUCCESS. dag_id=process-employees, task_id=create_employees_temp_table, execution_date=20230417T000000, start_date=20230418T125627, end_date=20230418T125628
[2023-04-18T12:56:28.448+0000] {local_task_job.py:208} INFO - Task exited with return code 0
[2023-04-18T12:56:28.489+0000] {taskinstance.py:2578} INFO - 0 downstream tasks scheduled from follow-on schedule check
[2023-04-18T13:04:33.326+0000] {taskinstance.py:1083} INFO - Dependencies all met for <TaskInstance: process-employees.create_employees_temp_table scheduled__2023-04-17T00:00:00+00:00 [queued]>
[2023-04-18T13:04:33.338+0000] {taskinstance.py:1083} INFO - Dependencies all met for <TaskInstance: process-employees.create_employees_temp_table scheduled__2023-04-17T00:00:00+00:00 [queued]>
[2023-04-18T13:04:33.338+0000] {taskinstance.py:1279} INFO - 
--------------------------------------------------------------------------------
[2023-04-18T13:04:33.338+0000] {taskinstance.py:1280} INFO - Starting attempt 1 of 1
[2023-04-18T13:04:33.338+0000] {taskinstance.py:1281} INFO - 
--------------------------------------------------------------------------------
[2023-04-18T13:04:33.354+0000] {taskinstance.py:1300} INFO - Executing <Task(PostgresOperator): create_employees_temp_table> on 2023-04-17 00:00:00+00:00
[2023-04-18T13:04:33.364+0000] {standard_task_runner.py:55} INFO - Started process 5952 to run task
[2023-04-18T13:04:33.366+0000] {standard_task_runner.py:82} INFO - Running: ['***', 'tasks', 'run', 'process-employees', 'create_employees_temp_table', 'scheduled__2023-04-17T00:00:00+00:00', '--job-id', '13', '--raw', '--subdir', 'DAGS_FOLDER/process-employees.py', '--cfg-path', '/tmp/tmp_vg2eppc']
[2023-04-18T13:04:33.367+0000] {standard_task_runner.py:83} INFO - Job 13: Subtask create_employees_temp_table
[2023-04-18T13:04:33.444+0000] {task_command.py:388} INFO - Running <TaskInstance: process-employees.create_employees_temp_table scheduled__2023-04-17T00:00:00+00:00 [running]> on host cbbda7f0b94f
[2023-04-18T13:04:33.518+0000] {taskinstance.py:1509} INFO - Exporting the following env vars:
AIRFLOW_CTX_DAG_OWNER=***
AIRFLOW_CTX_DAG_ID=process-employees
AIRFLOW_CTX_TASK_ID=create_employees_temp_table
AIRFLOW_CTX_EXECUTION_DATE=2023-04-17T00:00:00+00:00
AIRFLOW_CTX_TRY_NUMBER=1
AIRFLOW_CTX_DAG_RUN_ID=scheduled__2023-04-17T00:00:00+00:00
[2023-04-18T13:04:33.518+0000] {sql.py:254} INFO - Executing: 
            DROP TABLE IF EXISTS employees_temp;
            CREATE TABLE employees_temp (
                "Serial Number" NUMERIC PRIMARY KEY,
                "Company Name" TEXT,
                "Employee Markme" TEXT,
                "Description" TEXT,
                "Leave" INTEGER
            );
[2023-04-18T13:04:33.527+0000] {base.py:73} INFO - Using connection ID 'tutorial_pg_conn' for task execution.
[2023-04-18T13:04:33.791+0000] {base.py:73} INFO - Using connection ID 'tutorial_pg_conn' for task execution.
[2023-04-18T13:04:33.795+0000] {sql.py:375} INFO - Running statement: 
            DROP TABLE IF EXISTS employees_temp;
            CREATE TABLE employees_temp (
                "Serial Number" NUMERIC PRIMARY KEY,
                "Company Name" TEXT,
                "Employee Markme" TEXT,
                "Description" TEXT,
                "Leave" INTEGER
            );, parameters: None
[2023-04-18T13:04:33.818+0000] {taskinstance.py:1323} INFO - Marking task as SUCCESS. dag_id=process-employees, task_id=create_employees_temp_table, execution_date=20230417T000000, start_date=20230418T130433, end_date=20230418T130433
[2023-04-18T13:04:33.859+0000] {local_task_job.py:208} INFO - Task exited with return code 0
[2023-04-18T13:04:33.892+0000] {taskinstance.py:2578} INFO - 1 downstream tasks scheduled from follow-on schedule check
[2023-04-18T13:14:36.353+0000] {taskinstance.py:1083} INFO - Dependencies all met for <TaskInstance: process-employees.create_employees_temp_table scheduled__2023-04-17T00:00:00+00:00 [queued]>
[2023-04-18T13:14:36.365+0000] {taskinstance.py:1083} INFO - Dependencies all met for <TaskInstance: process-employees.create_employees_temp_table scheduled__2023-04-17T00:00:00+00:00 [queued]>
[2023-04-18T13:14:36.365+0000] {taskinstance.py:1279} INFO - 
--------------------------------------------------------------------------------
[2023-04-18T13:14:36.366+0000] {taskinstance.py:1280} INFO - Starting attempt 1 of 1
[2023-04-18T13:14:36.366+0000] {taskinstance.py:1281} INFO - 
--------------------------------------------------------------------------------
[2023-04-18T13:14:36.384+0000] {taskinstance.py:1300} INFO - Executing <Task(PostgresOperator): create_employees_temp_table> on 2023-04-17 00:00:00+00:00
[2023-04-18T13:14:36.394+0000] {standard_task_runner.py:55} INFO - Started process 7095 to run task
[2023-04-18T13:14:36.396+0000] {standard_task_runner.py:82} INFO - Running: ['***', 'tasks', 'run', 'process-employees', 'create_employees_temp_table', 'scheduled__2023-04-17T00:00:00+00:00', '--job-id', '21', '--raw', '--subdir', 'DAGS_FOLDER/process-employees.py', '--cfg-path', '/tmp/tmpiomrf0av']
[2023-04-18T13:14:36.396+0000] {standard_task_runner.py:83} INFO - Job 21: Subtask create_employees_temp_table
[2023-04-18T13:14:36.507+0000] {task_command.py:388} INFO - Running <TaskInstance: process-employees.create_employees_temp_table scheduled__2023-04-17T00:00:00+00:00 [running]> on host cbbda7f0b94f
[2023-04-18T13:14:36.650+0000] {taskinstance.py:1509} INFO - Exporting the following env vars:
AIRFLOW_CTX_DAG_OWNER=***
AIRFLOW_CTX_DAG_ID=process-employees
AIRFLOW_CTX_TASK_ID=create_employees_temp_table
AIRFLOW_CTX_EXECUTION_DATE=2023-04-17T00:00:00+00:00
AIRFLOW_CTX_TRY_NUMBER=1
AIRFLOW_CTX_DAG_RUN_ID=scheduled__2023-04-17T00:00:00+00:00
[2023-04-18T13:14:36.650+0000] {sql.py:254} INFO - Executing: 
            DROP TABLE IF EXISTS employees_temp;
            CREATE TABLE employees_temp (
                "Serial Number" NUMERIC PRIMARY KEY,
                "Company Name" TEXT,
                "Employee Markme" TEXT,
                "Description" TEXT,
                "Leave" INTEGER
            );
[2023-04-18T13:14:36.661+0000] {base.py:73} INFO - Using connection ID 'tutorial_pg_conn' for task execution.
[2023-04-18T13:14:36.936+0000] {base.py:73} INFO - Using connection ID 'tutorial_pg_conn' for task execution.
[2023-04-18T13:14:36.950+0000] {sql.py:375} INFO - Running statement: 
            DROP TABLE IF EXISTS employees_temp;
            CREATE TABLE employees_temp (
                "Serial Number" NUMERIC PRIMARY KEY,
                "Company Name" TEXT,
                "Employee Markme" TEXT,
                "Description" TEXT,
                "Leave" INTEGER
            );, parameters: None
[2023-04-18T13:14:36.971+0000] {taskinstance.py:1323} INFO - Marking task as SUCCESS. dag_id=process-employees, task_id=create_employees_temp_table, execution_date=20230417T000000, start_date=20230418T131436, end_date=20230418T131436
[2023-04-18T13:14:36.994+0000] {local_task_job.py:208} INFO - Task exited with return code 0
[2023-04-18T13:14:37.033+0000] {taskinstance.py:2578} INFO - 0 downstream tasks scheduled from follow-on schedule check
