[2023-04-19T08:12:26.023+0000] {taskinstance.py:1083} INFO - Dependencies all met for <TaskInstance: download_rocket_launches.download_launches scheduled__2023-04-18T00:00:00+00:00 [queued]>
[2023-04-19T08:12:26.123+0000] {taskinstance.py:1083} INFO - Dependencies all met for <TaskInstance: download_rocket_launches.download_launches scheduled__2023-04-18T00:00:00+00:00 [queued]>
[2023-04-19T08:12:26.123+0000] {taskinstance.py:1279} INFO - 
--------------------------------------------------------------------------------
[2023-04-19T08:12:26.123+0000] {taskinstance.py:1280} INFO - Starting attempt 1 of 1
[2023-04-19T08:12:26.124+0000] {taskinstance.py:1281} INFO - 
--------------------------------------------------------------------------------
[2023-04-19T08:12:26.328+0000] {taskinstance.py:1300} INFO - Executing <Task(BashOperator): download_launches> on 2023-04-18 00:00:00+00:00
[2023-04-19T08:12:26.426+0000] {standard_task_runner.py:55} INFO - Started process 304 to run task
[2023-04-19T08:12:26.431+0000] {standard_task_runner.py:82} INFO - Running: ['***', 'tasks', 'run', 'download_rocket_launches', 'download_launches', 'scheduled__2023-04-18T00:00:00+00:00', '--job-id', '63', '--raw', '--subdir', 'DAGS_FOLDER/rocket_launches.py', '--cfg-path', '/tmp/tmp786nph96']
[2023-04-19T08:12:26.432+0000] {standard_task_runner.py:83} INFO - Job 63: Subtask download_launches
[2023-04-19T08:12:27.124+0000] {task_command.py:388} INFO - Running <TaskInstance: download_rocket_launches.download_launches scheduled__2023-04-18T00:00:00+00:00 [running]> on host cbbda7f0b94f
[2023-04-19T08:12:27.632+0000] {taskinstance.py:1509} INFO - Exporting the following env vars:
AIRFLOW_CTX_DAG_OWNER=***
AIRFLOW_CTX_DAG_ID=download_rocket_launches
AIRFLOW_CTX_TASK_ID=download_launches
AIRFLOW_CTX_EXECUTION_DATE=2023-04-18T00:00:00+00:00
AIRFLOW_CTX_TRY_NUMBER=1
AIRFLOW_CTX_DAG_RUN_ID=scheduled__2023-04-18T00:00:00+00:00
[2023-04-19T08:12:27.633+0000] {subprocess.py:63} INFO - Tmp dir root location: 
 /tmp
[2023-04-19T08:12:27.634+0000] {subprocess.py:75} INFO - Running command: ['/bin/bash', '-c', "curl -o /tmp/launches.json -L 'https://ll.thespacedevs.com/2.0.0/launch/upcoming'"]
[2023-04-19T08:12:27.724+0000] {subprocess.py:86} INFO - Output:
[2023-04-19T08:12:27.735+0000] {subprocess.py:93} INFO -   % Total    % Received % Xferd  Average Speed   Time    Time     Time  Current
[2023-04-19T08:12:27.735+0000] {subprocess.py:93} INFO -                                  Dload  Upload   Total   Spent    Left  Speed
[2023-04-19T08:12:28.215+0000] {subprocess.py:93} INFO -   0     0    0     0    0     0      0      0 --:--:-- --:--:-- --:--:--     0  0     0    0     0    0     0      0      0 --:--:-- --:--:-- --:--:--     0
[2023-04-19T08:12:28.715+0000] {subprocess.py:93} INFO -  35 23017   35  8192    0     0   9309      0  0:00:02 --:--:--  0:00:02  9309100 23017  100 23017    0     0  24856      0 --:--:-- --:--:-- --:--:--  321k
[2023-04-19T08:12:28.716+0000] {subprocess.py:97} INFO - Command exited with return code 0
[2023-04-19T08:12:28.826+0000] {taskinstance.py:1323} INFO - Marking task as SUCCESS. dag_id=download_rocket_launches, task_id=download_launches, execution_date=20230418T000000, start_date=20230419T081226, end_date=20230419T081228
[2023-04-19T08:12:28.955+0000] {local_task_job.py:208} INFO - Task exited with return code 0
[2023-04-19T08:12:29.430+0000] {taskinstance.py:2578} INFO - 0 downstream tasks scheduled from follow-on schedule check
