[2023-04-19T08:12:29.647+0000] {taskinstance.py:1083} INFO - Dependencies all met for <TaskInstance: download_rocket_launches.notify scheduled__2023-04-11T00:00:00+00:00 [queued]>
[2023-04-19T08:12:29.730+0000] {taskinstance.py:1083} INFO - Dependencies all met for <TaskInstance: download_rocket_launches.notify scheduled__2023-04-11T00:00:00+00:00 [queued]>
[2023-04-19T08:12:29.731+0000] {taskinstance.py:1279} INFO - 
--------------------------------------------------------------------------------
[2023-04-19T08:12:29.731+0000] {taskinstance.py:1280} INFO - Starting attempt 1 of 1
[2023-04-19T08:12:29.731+0000] {taskinstance.py:1281} INFO - 
--------------------------------------------------------------------------------
[2023-04-19T08:12:29.823+0000] {taskinstance.py:1300} INFO - Executing <Task(BashOperator): notify> on 2023-04-11 00:00:00+00:00
[2023-04-19T08:12:29.833+0000] {standard_task_runner.py:55} INFO - Started process 336 to run task
[2023-04-19T08:12:29.840+0000] {standard_task_runner.py:82} INFO - Running: ['***', 'tasks', 'run', 'download_rocket_launches', 'notify', 'scheduled__2023-04-11T00:00:00+00:00', '--job-id', '67', '--raw', '--subdir', 'DAGS_FOLDER/rocket_launches.py', '--cfg-path', '/tmp/tmpx263af8x']
[2023-04-19T08:12:29.841+0000] {standard_task_runner.py:83} INFO - Job 67: Subtask notify
[2023-04-19T08:12:30.053+0000] {task_command.py:388} INFO - Running <TaskInstance: download_rocket_launches.notify scheduled__2023-04-11T00:00:00+00:00 [running]> on host cbbda7f0b94f
[2023-04-19T08:12:30.432+0000] {taskinstance.py:1509} INFO - Exporting the following env vars:
AIRFLOW_CTX_DAG_OWNER=***
AIRFLOW_CTX_DAG_ID=download_rocket_launches
AIRFLOW_CTX_TASK_ID=notify
AIRFLOW_CTX_EXECUTION_DATE=2023-04-11T00:00:00+00:00
AIRFLOW_CTX_TRY_NUMBER=1
AIRFLOW_CTX_DAG_RUN_ID=scheduled__2023-04-11T00:00:00+00:00
[2023-04-19T08:12:30.433+0000] {subprocess.py:63} INFO - Tmp dir root location: 
 /tmp
[2023-04-19T08:12:30.434+0000] {subprocess.py:75} INFO - Running command: ['/bin/bash', '-c', 'echo "There are now $(ls /tmp/images/ | wc -l) images."']
[2023-04-19T08:12:30.518+0000] {subprocess.py:86} INFO - Output:
[2023-04-19T08:12:30.528+0000] {subprocess.py:93} INFO - There are now 10 images.
[2023-04-19T08:12:30.529+0000] {subprocess.py:97} INFO - Command exited with return code 0
[2023-04-19T08:12:30.627+0000] {taskinstance.py:1323} INFO - Marking task as SUCCESS. dag_id=download_rocket_launches, task_id=notify, execution_date=20230411T000000, start_date=20230419T081229, end_date=20230419T081230
[2023-04-19T08:12:30.678+0000] {local_task_job.py:208} INFO - Task exited with return code 0
[2023-04-19T08:12:30.742+0000] {taskinstance.py:2578} INFO - 0 downstream tasks scheduled from follow-on schedule check
