[2023-04-18T13:14:39.392+0000] {taskinstance.py:1083} INFO - Dependencies all met for <TaskInstance: process-employees.create_employees_table manual__2023-04-18T13:14:37.466894+00:00 [queued]>
[2023-04-18T13:14:39.447+0000] {taskinstance.py:1083} INFO - Dependencies all met for <TaskInstance: process-employees.create_employees_table manual__2023-04-18T13:14:37.466894+00:00 [queued]>
[2023-04-18T13:14:39.448+0000] {taskinstance.py:1279} INFO - 
--------------------------------------------------------------------------------
[2023-04-18T13:14:39.448+0000] {taskinstance.py:1280} INFO - Starting attempt 1 of 1
[2023-04-18T13:14:39.448+0000] {taskinstance.py:1281} INFO - 
--------------------------------------------------------------------------------
[2023-04-18T13:14:39.466+0000] {taskinstance.py:1300} INFO - Executing <Task(PostgresOperator): create_employees_table> on 2023-04-18 13:14:37.466894+00:00
[2023-04-18T13:14:39.476+0000] {standard_task_runner.py:55} INFO - Started process 7103 to run task
[2023-04-18T13:14:39.478+0000] {standard_task_runner.py:82} INFO - Running: ['***', 'tasks', 'run', 'process-employees', 'create_employees_table', 'manual__2023-04-18T13:14:37.466894+00:00', '--job-id', '25', '--raw', '--subdir', 'DAGS_FOLDER/process-employees.py', '--cfg-path', '/tmp/tmpr500j449']
[2023-04-18T13:14:39.479+0000] {standard_task_runner.py:83} INFO - Job 25: Subtask create_employees_table
[2023-04-18T13:14:39.589+0000] {task_command.py:388} INFO - Running <TaskInstance: process-employees.create_employees_table manual__2023-04-18T13:14:37.466894+00:00 [running]> on host cbbda7f0b94f
[2023-04-18T13:14:39.759+0000] {taskinstance.py:1509} INFO - Exporting the following env vars:
AIRFLOW_CTX_DAG_OWNER=***
AIRFLOW_CTX_DAG_ID=process-employees
AIRFLOW_CTX_TASK_ID=create_employees_table
AIRFLOW_CTX_EXECUTION_DATE=2023-04-18T13:14:37.466894+00:00
AIRFLOW_CTX_TRY_NUMBER=1
AIRFLOW_CTX_DAG_RUN_ID=manual__2023-04-18T13:14:37.466894+00:00
[2023-04-18T13:14:39.760+0000] {sql.py:254} INFO - Executing: 
            CREATE TABLE IF NOT EXISTS employees (
                "Serial Number" NUMERIC PRIMARY KEY,
                "Company Name" TEXT,
                "Employee Markme" TEXT,
                "Description" TEXT,
                "Leave" INTEGER
            );
[2023-04-18T13:14:39.771+0000] {base.py:73} INFO - Using connection ID 'tutorial_pg_conn' for task execution.
[2023-04-18T13:14:40.199+0000] {base.py:73} INFO - Using connection ID 'tutorial_pg_conn' for task execution.
[2023-04-18T13:14:40.203+0000] {sql.py:375} INFO - Running statement: 
            CREATE TABLE IF NOT EXISTS employees (
                "Serial Number" NUMERIC PRIMARY KEY,
                "Company Name" TEXT,
                "Employee Markme" TEXT,
                "Description" TEXT,
                "Leave" INTEGER
            );, parameters: None
[2023-04-18T13:14:40.252+0000] {taskinstance.py:1323} INFO - Marking task as SUCCESS. dag_id=process-employees, task_id=create_employees_table, execution_date=20230418T131437, start_date=20230418T131439, end_date=20230418T131440
[2023-04-18T13:14:40.308+0000] {local_task_job.py:208} INFO - Task exited with return code 0
[2023-04-18T13:14:40.362+0000] {taskinstance.py:2578} INFO - 1 downstream tasks scheduled from follow-on schedule check
