[2023-04-18T12:27:14.500+0000] {taskinstance.py:1083} INFO - Dependencies all met for <TaskInstance: producer_aware.check_file manual__2023-04-18T12:27:10.978832+00:00 [queued]>
[2023-04-18T12:27:14.518+0000] {taskinstance.py:1083} INFO - Dependencies all met for <TaskInstance: producer_aware.check_file manual__2023-04-18T12:27:10.978832+00:00 [queued]>
[2023-04-18T12:27:14.519+0000] {taskinstance.py:1279} INFO - 
--------------------------------------------------------------------------------
[2023-04-18T12:27:14.519+0000] {taskinstance.py:1280} INFO - Starting attempt 1 of 1
[2023-04-18T12:27:14.519+0000] {taskinstance.py:1281} INFO - 
--------------------------------------------------------------------------------
[2023-04-18T12:27:14.542+0000] {taskinstance.py:1300} INFO - Executing <Task(BashOperator): check_file> on 2023-04-18 12:27:10.978832+00:00
[2023-04-18T12:27:14.554+0000] {standard_task_runner.py:55} INFO - Started process 1760 to run task
[2023-04-18T12:27:14.557+0000] {standard_task_runner.py:82} INFO - Running: ['***', 'tasks', 'run', 'producer_aware', 'check_file', 'manual__2023-04-18T12:27:10.978832+00:00', '--job-id', '6', '--raw', '--subdir', 'DAGS_FOLDER/my_first_dag.py', '--cfg-path', '/tmp/tmpevro_wxe']
[2023-04-18T12:27:14.557+0000] {standard_task_runner.py:83} INFO - Job 6: Subtask check_file
[2023-04-18T12:27:14.653+0000] {task_command.py:388} INFO - Running <TaskInstance: producer_aware.check_file manual__2023-04-18T12:27:10.978832+00:00 [running]> on host cbbda7f0b94f
[2023-04-18T12:27:14.769+0000] {taskinstance.py:1509} INFO - Exporting the following env vars:
AIRFLOW_CTX_DAG_OWNER=***
AIRFLOW_CTX_DAG_ID=producer_aware
AIRFLOW_CTX_TASK_ID=check_file
AIRFLOW_CTX_EXECUTION_DATE=2023-04-18T12:27:10.978832+00:00
AIRFLOW_CTX_TRY_NUMBER=1
AIRFLOW_CTX_DAG_RUN_ID=manual__2023-04-18T12:27:10.978832+00:00
[2023-04-18T12:27:14.771+0000] {subprocess.py:63} INFO - Tmp dir root location: 
 /tmp
[2023-04-18T12:27:14.773+0000] {subprocess.py:75} INFO - Running command: ['/bin/bash', '-c', 'cat /tmp/data.csv']
[2023-04-18T12:27:14.800+0000] {subprocess.py:86} INFO - Output:
[2023-04-18T12:27:14.805+0000] {subprocess.py:93} INFO - data1,data2,data3
[2023-04-18T12:27:14.805+0000] {subprocess.py:93} INFO - 
[2023-04-18T12:27:14.806+0000] {subprocess.py:97} INFO - Command exited with return code 0
[2023-04-18T12:27:14.847+0000] {taskinstance.py:1323} INFO - Marking task as SUCCESS. dag_id=producer_aware, task_id=check_file, execution_date=20230418T122710, start_date=20230418T122714, end_date=20230418T122714
[2023-04-18T12:27:14.889+0000] {local_task_job.py:208} INFO - Task exited with return code 0
[2023-04-18T12:27:14.919+0000] {taskinstance.py:2578} INFO - 0 downstream tasks scheduled from follow-on schedule check
